TN:
SF:dist/services/list-feedbacks-service.js
FN:8,execute
FN:5,ListFeedbacksService
FNF:2
FNH:2
FNDA:1,execute
FNDA:1,ListFeedbacksService
DA:1,1
DA:2,1
DA:3,1
DA:4,1
DA:5,1
DA:6,1
DA:7,1
DA:8,1
DA:9,1
DA:10,1
DA:11,1
DA:12,1
LF:12
LH:12
BRDA:8,0,0,1
BRDA:5,1,0,1
BRF:2
BRH:2
end_of_record
TN:
SF:dist/services/submit-feedback-service.js
FN:9,execute
FN:5,SubmitFeedBackService
FNF:2
FNH:2
FNDA:5,execute
FNDA:1,SubmitFeedBackService
DA:1,1
DA:2,1
DA:3,1
DA:4,1
DA:5,1
DA:6,1
DA:7,1
DA:8,1
DA:9,1
DA:10,5
DA:11,5
DA:12,1
DA:13,1
DA:14,5
DA:15,1
DA:16,1
DA:17,5
DA:18,1
DA:19,1
DA:20,2
DA:21,2
DA:22,2
DA:23,2
DA:24,2
DA:25,2
DA:26,2
DA:27,2
DA:28,2
DA:29,2
DA:30,2
DA:31,5
DA:32,5
DA:33,5
DA:34,5
DA:35,2
DA:36,2
DA:37,1
DA:38,1
LF:38
LH:38
BRDA:9,0,0,5
BRDA:11,1,0,1
BRDA:14,2,0,4
BRDA:14,3,0,1
BRDA:17,4,0,3
BRDA:17,5,0,1
BRDA:20,6,0,2
BRDA:31,7,0,0
BRDA:35,8,0,2
BRDA:5,9,0,1
BRF:10
BRH:9
end_of_record
TN:
SF:src/services/list-feedbacks-service.ts
FN:14,execute
FN:12,ListFeedbacksService
FNF:2
FNH:2
FNDA:1,execute
FNDA:1,ListFeedbacksService
DA:1,1
DA:2,1
DA:3,1
DA:4,1
DA:5,1
DA:6,1
DA:7,1
DA:8,1
DA:9,1
DA:10,1
DA:11,1
DA:12,1
DA:13,1
DA:14,1
DA:15,1
DA:16,1
DA:17,1
DA:18,1
DA:19,1
DA:20,1
DA:21,1
DA:22,1
DA:23,1
DA:24,1
DA:25,1
DA:26,1
LF:26
LH:26
BRDA:14,0,0,1
BRDA:12,1,0,1
BRF:2
BRH:2
end_of_record
TN:
SF:src/services/submit-feedback-service.ts
FN:17,execute
FN:12,SubmitFeedBackService
FNF:2
FNH:2
FNDA:5,execute
FNDA:1,SubmitFeedBackService
DA:1,1
DA:2,1
DA:3,1
DA:4,1
DA:5,1
DA:6,1
DA:7,1
DA:8,1
DA:9,1
DA:10,1
DA:11,1
DA:12,1
DA:13,1
DA:14,1
DA:15,1
DA:16,1
DA:17,1
DA:18,5
DA:19,5
DA:20,5
DA:21,1
DA:22,1
DA:23,4
DA:24,5
DA:25,1
DA:26,1
DA:27,3
DA:28,5
DA:29,1
DA:30,1
DA:31,2
DA:32,2
DA:33,2
DA:34,2
DA:35,2
DA:36,2
DA:37,2
DA:38,2
DA:39,2
DA:40,2
DA:41,2
DA:42,2
DA:43,2
DA:44,5
DA:45,5
DA:46,5
DA:47,5
DA:48,2
DA:49,2
DA:50,2
DA:51,1
LF:51
LH:51
BRDA:17,0,0,5
BRDA:20,1,0,1
BRDA:23,2,0,4
BRDA:24,3,0,1
BRDA:27,4,0,3
BRDA:28,5,0,1
BRDA:31,6,0,2
BRDA:44,7,0,0
BRDA:48,8,0,2
BRDA:12,9,0,1
BRF:10
BRH:9
end_of_record
