TN:
SF:dist/errors/business-error.js
FN:5,BusinessError
FNF:1
FNH:1
FNDA:4,BusinessError
DA:1,1
DA:2,1
DA:3,1
DA:4,1
DA:5,1
DA:6,4
DA:7,4
DA:8,4
DA:9,1
DA:10,1
LF:10
LH:10
BRDA:5,0,0,4
BRF:1
BRH:1
end_of_record
TN:
SF:dist/errors/validation-error.js
FN:6,ValidationError
FNF:1
FNH:1
FNDA:4,ValidationError
DA:1,1
DA:2,1
DA:3,1
DA:4,1
DA:5,1
DA:6,1
DA:7,4
DA:8,4
DA:9,4
DA:10,4
DA:11,1
DA:12,1
LF:12
LH:12
BRDA:6,0,0,4
BRF:1
BRH:1
end_of_record
TN:
SF:dist/services/list-feedbacks-service.js
FN:8,execute
FN:5,ListFeedbacksService
FNF:2
FNH:2
FNDA:1,execute
FNDA:1,ListFeedbacksService
DA:1,1
DA:2,1
DA:3,1
DA:4,1
DA:5,1
DA:6,1
DA:7,1
DA:8,1
DA:9,1
DA:10,1
DA:11,1
DA:12,1
DA:13,1
DA:14,1
DA:15,1
DA:16,1
DA:17,1
DA:18,1
DA:19,1
DA:20,1
LF:20
LH:20
BRDA:8,0,0,1
BRDA:5,1,0,1
BRF:2
BRH:2
end_of_record
TN:
SF:dist/services/submit-feedback-service.js
FN:16,execute
FN:12,SubmitFeedBackService
FNF:2
FNH:2
FNDA:9,execute
FNDA:1,SubmitFeedBackService
DA:1,1
DA:2,1
DA:3,1
DA:4,1
DA:5,1
DA:6,1
DA:7,1
DA:8,1
DA:9,1
DA:10,1
DA:11,1
DA:12,1
DA:13,1
DA:14,1
DA:15,1
DA:16,1
DA:17,9
DA:18,9
DA:19,1
DA:20,1
DA:21,8
DA:22,9
DA:23,9
DA:24,1
DA:25,1
DA:26,9
DA:27,1
DA:28,1
DA:29,9
DA:30,1
DA:31,1
DA:32,5
DA:33,5
DA:34,5
DA:35,5
DA:36,5
DA:37,5
DA:38,5
DA:39,5
DA:40,5
DA:41,5
DA:42,5
DA:43,9
DA:44,9
DA:45,9
DA:46,9
DA:47,5
DA:48,5
DA:49,1
DA:50,1
LF:50
LH:50
BRDA:6,0,0,1
BRDA:16,1,0,9
BRDA:18,2,0,1
BRDA:21,3,0,8
BRDA:21,4,0,3
BRDA:22,5,0,2
BRDA:23,6,0,1
BRDA:26,7,0,7
BRDA:26,8,0,1
BRDA:29,9,0,6
BRDA:29,10,0,5
BRDA:29,11,0,1
BRDA:32,12,0,5
BRDA:43,13,0,4
BRDA:43,14,0,1
BRDA:47,15,0,5
BRDA:12,16,0,1
BRF:17
BRH:17
end_of_record
TN:
SF:src/errors/business-error.ts
FN:2,BusinessError
FNF:1
FNH:1
FNDA:4,BusinessError
DA:1,1
DA:2,1
DA:3,4
DA:4,4
DA:5,4
DA:6,1
LF:6
LH:6
BRDA:2,0,0,4
BRF:1
BRH:1
end_of_record
TN:
SF:src/errors/validation-error.ts
FN:6,ValidationError
FNF:1
FNH:1
FNDA:4,ValidationError
DA:1,1
DA:2,1
DA:3,1
DA:4,1
DA:5,1
DA:6,1
DA:7,4
DA:8,4
DA:9,4
DA:10,4
DA:11,1
LF:11
LH:11
BRDA:6,0,0,4
BRF:1
BRH:1
end_of_record
TN:
SF:src/services/list-feedbacks-service.ts
FN:14,execute
FN:12,ListFeedbacksService
FNF:2
FNH:2
FNDA:1,execute
FNDA:1,ListFeedbacksService
DA:1,1
DA:2,1
DA:3,1
DA:4,1
DA:5,1
DA:6,1
DA:7,1
DA:8,1
DA:9,1
DA:10,1
DA:11,1
DA:12,1
DA:13,1
DA:14,1
DA:15,1
DA:16,1
DA:17,1
DA:18,1
DA:19,1
DA:20,1
DA:21,1
DA:22,1
DA:23,1
DA:24,1
DA:25,1
DA:26,1
LF:26
LH:26
BRDA:14,0,0,1
BRDA:12,1,0,1
BRF:2
BRH:2
end_of_record
TN:
SF:src/services/submit-feedback-service.ts
FN:24,execute
FN:19,SubmitFeedBackService
FNF:2
FNH:2
FNDA:9,execute
FNDA:1,SubmitFeedBackService
DA:1,1
DA:2,1
DA:3,1
DA:4,1
DA:5,1
DA:6,1
DA:7,1
DA:8,1
DA:9,1
DA:10,1
DA:11,1
DA:12,1
DA:13,1
DA:14,1
DA:15,1
DA:16,1
DA:17,1
DA:18,1
DA:19,1
DA:20,1
DA:21,1
DA:22,1
DA:23,1
DA:24,1
DA:25,9
DA:26,9
DA:27,9
DA:28,1
DA:29,1
DA:30,8
DA:31,8
DA:32,8
DA:33,9
DA:34,2
DA:35,9
DA:36,1
DA:37,1
DA:38,7
DA:39,9
DA:40,1
DA:41,1
DA:42,6
DA:43,9
DA:44,1
DA:45,1
DA:46,5
DA:47,5
DA:48,5
DA:49,5
DA:50,5
DA:51,5
DA:52,5
DA:53,5
DA:54,5
DA:55,5
DA:56,5
DA:57,5
DA:58,5
DA:59,9
DA:60,9
DA:61,9
DA:62,9
DA:63,5
DA:64,5
DA:65,5
DA:66,1
LF:66
LH:66
BRDA:6,0,0,1
BRDA:24,1,0,9
BRDA:27,2,0,1
BRDA:30,3,0,8
BRDA:32,4,0,3
BRDA:33,5,0,2
BRDA:35,6,0,1
BRDA:38,7,0,7
BRDA:39,8,0,1
BRDA:42,9,0,6
BRDA:43,10,0,5
BRDA:43,11,0,1
BRDA:46,12,0,5
BRDA:59,13,0,4
BRDA:59,14,0,1
BRDA:63,15,0,5
BRDA:19,16,0,1
BRF:17
BRH:17
end_of_record
